<?xml version="1.0" encoding="UTF-8"?>
<!-- Generated by org.testng.reporters.JUnitReportReporter -->
<testsuite hostname="DESKTOP-5L7N2A8" failures="0" tests="1" name="ZeldaTest" time="6.627" errors="0" timestamp="2023-04-14T14:53:25 CEST" skipped="0">
  <testcase classname="ZeldaTest" name="testOne" time="6.627"/>
  <system-out/>
</testsuite> <!-- ZeldaTest -->
